This is pdfTeX, Version 3.14159265-2.6-1.40.21 (MiKTeX 20.6.29) (preloaded format=pdflatex 2020.10.7)  19 APR 2021 11:03
entering extended mode
**"c:/Users/Derian/Desktop/UPT 8 CICLO/INTELIGENCIA DE NEGOCIOS/Trabajo02/main.tex"
("c:/Users/Derian/Desktop/UPT 8 CICLO/INTELIGENCIA DE NEGOCIOS/Trabajo02/main.tex"
LaTeX2e <2020-02-02> patch level 5
L3 programming layer <2020-06-18> ("C:\Program Files\MiKTeX\tex/latex/base\article.cls"
Document Class: article 2019/12/20 v1.4l Standard LaTeX document class
("C:\Program Files\MiKTeX\tex/latex/base\size10.clo"
File: size10.clo 2019/12/20 v1.4l Standard LaTeX file (size option)
)
\c@part=\count167
\c@section=\count168
\c@subsection=\count169
\c@subsubsection=\count170
\c@paragraph=\count171
\c@subparagraph=\count172
\c@figure=\count173
\c@table=\count174
\abovecaptionskip=\skip47
\belowcaptionskip=\skip48
\bibindent=\dimen134
) ("C:\Program Files\MiKTeX\tex/latex/blindtext\blindtext.sty"
Package: blindtext 2012/01/06 V2.0 blindtext-Package
 ("C:\Program Files\MiKTeX\tex/latex/tools\xspace.sty"
Package: xspace 2014/10/28 v1.13 Space after command names (DPC,MH)
)
\c@blindtext=\count175
\c@Blindtext=\count176
\c@blind@countparstart=\count177
\blind@countxx=\count178
\blindtext@numBlindtext=\count179
\blind@countyy=\count180
\c@blindlist=\count181
\c@blindlistlevel=\count182
\c@blindlist@level=\count183
\blind@listitem=\count184
\c@blind@listcount=\count185
\c@blind@levelcount=\count186
\blind@mathformula=\count187
\blind@Mathformula=\count188
\c@blind@randomcount=\count189
\c@blind@randommax=\count190
\c@blind@pangramcount=\count191
\c@blind@pangrammax=\count192
) ("C:\Program Files\MiKTeX\tex/latex/graphics\graphicx.sty"
Package: graphicx 2019/11/30 v1.2a Enhanced LaTeX Graphics (DPC,SPQR)
 ("C:\Program Files\MiKTeX\tex/latex/graphics\keyval.sty"
Package: keyval 2014/10/28 v1.15 key=value parser (DPC)
\KV@toks@=\toks15
) ("C:\Program Files\MiKTeX\tex/latex/graphics\graphics.sty"
Package: graphics 2019/11/30 v1.4a Standard LaTeX Graphics (DPC,SPQR)
 ("C:\Program Files\MiKTeX\tex/latex/graphics\trig.sty"
Package: trig 2016/01/03 v1.10 sin cos tan (DPC)
) ("C:\Program Files\MiKTeX\tex/latex/graphics-cfg\graphics.cfg"
File: graphics.cfg 2016/06/04 v1.11 sample graphics configuration
)
Package graphics Info: Driver file: pdftex.def on input line 105.
 ("C:\Program Files\MiKTeX\tex/latex/graphics-def\pdftex.def"
File: pdftex.def 2018/01/08 v1.0l Graphics/color driver for pdftex
))
\Gin@req@height=\dimen135
\Gin@req@width=\dimen136
) (C:\Users\Derian\AppData\Roaming\MiKTeX\tex/latex/psnfss\mathpazo.sty
Package: mathpazo 2020/03/25 PSNFSS-v9.3 Palatino w/ Pazo Math (D.Puga, WaS) 
\symupright=\mathgroup4
) ("C:\Program Files\MiKTeX\tex/latex/base\fontenc.sty"
Package: fontenc 2020/02/11 v2.0o Standard LaTeX package
LaTeX Font Info:    Trying to load font information for T1+pplx on input line 112.
 (C:\Users\Derian\AppData\Roaming\MiKTeX\tex/latex/psnfss\t1pplx.fd
File: t1pplx.fd 2004/09/06 font definitions for T1/pplx.
)) (C:\Users\Derian\AppData\Roaming\MiKTeX\tex/latex/microtype\microtype.sty
Package: microtype 2019/11/18 v2.7d Micro-typographical refinements (RS)
\MT@toks=\toks16
\MT@count=\count193
LaTeX Info: Redefining \textls on input line 790.
\MT@outer@kern=\dimen137
LaTeX Info: Redefining \textmicrotypecontext on input line 1354.
\MT@listname@count=\count194
 (C:\Users\Derian\AppData\Roaming\MiKTeX\tex/latex/microtype\microtype-pdftex.def
File: microtype-pdftex.def 2019/11/18 v2.7d Definitions specific to pdftex (RS)
LaTeX Info: Redefining \lsstyle on input line 914.
LaTeX Info: Redefining \lslig on input line 914.
\MT@outer@space=\skip49
)
Package microtype Info: Loading configuration file microtype.cfg.
 (C:\Users\Derian\AppData\Roaming\MiKTeX\tex/latex/microtype\microtype.cfg
File: microtype.cfg 2019/11/18 v2.7d microtype main configuration file (RS)
)) ("C:\Program Files\MiKTeX\tex/generic/babel\babel.sty"
Package: babel 2020/06/10 3.45 The Babel package
 ("C:\Program Files\MiKTeX\tex/generic/babel\babel.def"
File: babel.def 2020/06/10 3.45 Babel common definitions
\babel@savecnt=\count195
\U@D=\dimen138
\l@babelnohyphens=\language79
 ("C:\Program Files\MiKTeX\tex/generic/babel\txtbabel.def")
\bbl@readstream=\read2
)
\bbl@dirlevel=\count196

*************************************
* Local config file bblopts.cfg used
*
("C:\Program Files\MiKTeX\tex/latex/arabi\bblopts.cfg"
File: bblopts.cfg 2005/09/08 v0.1 add Arabic and Farsi to "declared" options of babel
) ("C:\Program Files\MiKTeX\tex/latex/babel-english\english.ldf"
Language: english 2017/06/06 v3.3r English support from the babel system
Package babel Info: \l@canadian = using hyphenrules for english
(babel)             (\language0) on input line 102.
Package babel Info: \l@australian = using hyphenrules for ukenglish
(babel)             (\language73) on input line 105.
Package babel Info: \l@newzealand = using hyphenrules for ukenglish
(babel)             (\language73) on input line 108.
)) (C:\Users\Derian\AppData\Roaming\MiKTeX\tex/latex/geometry\geometry.sty
Package: geometry 2020/01/02 v5.9 Page Geometry
 ("C:\Program Files\MiKTeX\tex/generic/iftex\ifvtex.sty"
Package: ifvtex 2019/10/25 v1.7 ifvtex legacy package. Use iftex instead.
 ("C:\Program Files\MiKTeX\tex/generic/iftex\iftex.sty"
Package: iftex 2020/03/06 v1.0d TeX engine tests
))
\Gm@cnth=\count197
\Gm@cntv=\count198
\c@Gm@tempcnt=\count199
\Gm@bindingoffset=\dimen139
\Gm@wd@mp=\dimen140
\Gm@odd@mp=\dimen141
\Gm@even@mp=\dimen142
\Gm@layoutwidth=\dimen143
\Gm@layoutheight=\dimen144
\Gm@layouthoffset=\dimen145
\Gm@layoutvoffset=\dimen146
\Gm@dimlist=\toks17
 (C:\Users\Derian\AppData\Roaming\MiKTeX\tex/latex/geometry\geometry.cfg)) (C:\Users\Derian\AppData\Roaming\MiKTeX\tex/latex/caption\caption.sty
Package: caption 2020/09/12 v3.5b Customizing captions (AR)
 (C:\Users\Derian\AppData\Roaming\MiKTeX\tex/latex/caption\caption3.sty
Package: caption3 2020/09/17 v2.1b caption3 kernel (AR)
\captionmargin=\dimen147
\captionmargin@=\dimen148
\captionwidth=\dimen149
\caption@tempdima=\dimen150
\caption@indent=\dimen151
\caption@parindent=\dimen152
\caption@hangindent=\dimen153
Package caption Info: Standard document class detected.
)
\c@caption@flags=\count266
\c@continuedfloat=\count267
) (C:\Users\Derian\AppData\Roaming\MiKTeX\tex/latex/booktabs\booktabs.sty
Package: booktabs 2020/01/12 v1.61803398 Publication quality tables
\heavyrulewidth=\dimen154
\lightrulewidth=\dimen155
\cmidrulewidth=\dimen156
\belowrulesep=\dimen157
\belowbottomsep=\dimen158
\aboverulesep=\dimen159
\abovetopsep=\dimen160
\cmidrulesep=\dimen161
\cmidrulekern=\dimen162
\defaultaddspace=\dimen163
\@cmidla=\count268
\@cmidlb=\count269
\@aboverulesep=\dimen164
\@belowrulesep=\dimen165
\@thisruleclass=\count270
\@lastruleclass=\count271
\@thisrulewidth=\dimen166
) (C:\Users\Derian\AppData\Roaming\MiKTeX\tex/latex/lettrine\lettrine.sty
File: lettrine.sty 2020-03-14 v2.23 (Daniel Flipo)
 (C:\Users\Derian\AppData\Roaming\MiKTeX\tex/generic/minifp\minifp.sty
Package: minifp 2013/12/30 v0.96. Macros for real number operations and a stack-based programing language.
\MFP@loopctr=\count272
)
\c@DefaultLines=\count273
\c@DefaultDepth=\count274
\DefaultFindent=\dimen167
\DefaultNindent=\dimen168
\DefaultSlope=\dimen169
\DiscardVskip=\dimen170
\L@lbox=\box45
\L@tbox=\box46
\c@L@lines=\count275
\c@L@depth=\count276
\L@Pindent=\dimen171
\L@Findent=\dimen172
\L@Nindent=\dimen173
\L@lraise=\dimen174
\L@first=\dimen175
\L@next=\dimen176
\L@slope=\dimen177
\L@height=\dimen178
\L@novskip=\dimen179
\L@target@ht=\dimen180
\L@target@dp=\dimen181
\L@target@tht=\dimen182
\LettrineWidth=\dimen183
\LettrineHeight=\dimen184
\LettrineDepth=\dimen185
\Llist@everypar=\toks18

Loading lettrine.cfg
(C:\Users\Derian\AppData\Roaming\MiKTeX\tex/latex/lettrine\lettrine.cfg)) (C:\Users\Derian\AppData\Roaming\MiKTeX\tex/latex/enumitem\enumitem.sty
Package: enumitem 2019/06/20 v3.9 Customized lists
\labelindent=\skip50
\enit@outerparindent=\dimen186
\enit@toks=\toks19
\enit@inbox=\box47
\enit@count@id=\count277
\enitdp@description=\count278
) (C:\Users\Derian\AppData\Roaming\MiKTeX\tex/latex/abstract\abstract.sty
Package: abstract 2009/06/08 v1.2a configurable abstracts
\abstitleskip=\skip51
\absleftindent=\skip52
\absrightindent=\skip53
\absparindent=\skip54
\absparsep=\skip55
) (C:\Users\Derian\AppData\Roaming\MiKTeX\tex/latex/titlesec\titlesec.sty
Package: titlesec 2019/10/16 v2.13 Sectioning titles
\ttl@box=\box48
\beforetitleunit=\skip56
\aftertitleunit=\skip57
\ttl@plus=\dimen187
\ttl@minus=\dimen188
\ttl@toksa=\toks20
\titlewidth=\dimen189
\titlewidthlast=\dimen190
\titlewidthfirst=\dimen191
) (C:\Users\Derian\AppData\Roaming\MiKTeX\tex/latex/fancyhdr\fancyhdr.sty
Package: fancyhdr 2019/01/31 v3.10 Extensive control of page headers and footers
\f@nch@headwidth=\skip58
\f@nch@O@elh=\skip59
\f@nch@O@erh=\skip60
\f@nch@O@olh=\skip61
\f@nch@O@orh=\skip62
\f@nch@O@elf=\skip63
\f@nch@O@erf=\skip64
\f@nch@O@olf=\skip65
\f@nch@O@orf=\skip66
) (C:\Users\Derian\AppData\Roaming\MiKTeX\tex/latex/titling\titling.sty
Package: titling 2009/09/04 v2.1d maketitle typesetting
\thanksmarkwidth=\skip67
\thanksmargin=\skip68
\droptitle=\skip69
) ("C:\Program Files\MiKTeX\tex/latex/hyperref\hyperref.sty"
Package: hyperref 2020-05-15 v7.00e Hypertext links for LaTeX
 (C:\Users\Derian\AppData\Roaming\MiKTeX\tex/generic/ltxcmds\ltxcmds.sty
Package: ltxcmds 2020-05-10 v1.25 LaTeX kernel commands for general use (HO)
) ("C:\Program Files\MiKTeX\tex/generic/pdftexcmds\pdftexcmds.sty"
Package: pdftexcmds 2020-06-27 v0.33 Utility functions of pdfTeX for LuaTeX (HO)
 (C:\Users\Derian\AppData\Roaming\MiKTeX\tex/generic/infwarerr\infwarerr.sty
Package: infwarerr 2019/12/03 v1.5 Providing info/warning/error messages (HO)
)
Package pdftexcmds Info: \pdf@primitive is available.
Package pdftexcmds Info: \pdf@ifprimitive is available.
Package pdftexcmds Info: \pdfdraftmode found.
) (C:\Users\Derian\AppData\Roaming\MiKTeX\tex/generic/kvsetkeys\kvsetkeys.sty
Package: kvsetkeys 2019/12/15 v1.18 Key value parser (HO)
) (C:\Users\Derian\AppData\Roaming\MiKTeX\tex/generic/kvdefinekeys\kvdefinekeys.sty
Package: kvdefinekeys 2019-12-19 v1.6 Define keys (HO)
) (C:\Users\Derian\AppData\Roaming\MiKTeX\tex/generic/pdfescape\pdfescape.sty
Package: pdfescape 2019/12/09 v1.15 Implements pdfTeX's escape features (HO)
) (C:\Users\Derian\AppData\Roaming\MiKTeX\tex/latex/hycolor\hycolor.sty
Package: hycolor 2020-01-27 v1.10 Color options for hyperref/bookmark (HO)
) (C:\Users\Derian\AppData\Roaming\MiKTeX\tex/latex/letltxmacro\letltxmacro.sty
Package: letltxmacro 2019/12/03 v1.6 Let assignment for LaTeX macros (HO)
) (C:\Users\Derian\AppData\Roaming\MiKTeX\tex/latex/auxhook\auxhook.sty
Package: auxhook 2019-12-17 v1.6 Hooks for auxiliary files (HO)
) (C:\Users\Derian\AppData\Roaming\MiKTeX\tex/latex/kvoptions\kvoptions.sty
Package: kvoptions 2019/11/29 v3.13 Key value format for package options (HO)
)
\@linkdim=\dimen192
\Hy@linkcounter=\count279
\Hy@pagecounter=\count280
 ("C:\Program Files\MiKTeX\tex/latex/hyperref\pd1enc.def"
File: pd1enc.def 2020-05-15 v7.00e Hyperref: PDFDocEncoding definition (HO)
Now handling font encoding PD1 ...
... no UTF-8 mapping file for font encoding PD1
) (C:\Users\Derian\AppData\Roaming\MiKTeX\tex/generic/intcalc\intcalc.sty
Package: intcalc 2019/12/15 v1.3 Expandable calculations with integers (HO)
) (C:\Users\Derian\AppData\Roaming\MiKTeX\tex/generic/etexcmds\etexcmds.sty
Package: etexcmds 2019/12/15 v1.7 Avoid name clashes with e-TeX commands (HO)
)
\Hy@SavedSpaceFactor=\count281
Package hyperref Info: Hyper figures OFF on input line 4464.
Package hyperref Info: Link nesting OFF on input line 4469.
Package hyperref Info: Hyper index ON on input line 4472.
Package hyperref Info: Plain pages OFF on input line 4479.
Package hyperref Info: Backreferencing OFF on input line 4484.
Package hyperref Info: Implicit mode ON; LaTeX internals redefined.
Package hyperref Info: Bookmarks ON on input line 4717.
\c@Hy@tempcnt=\count282
 ("C:\Program Files\MiKTeX\tex/latex/url\url.sty"
\Urlmuskip=\muskip16
Package: url 2013/09/16  ver 3.4  Verb mode for urls, etc.
)
LaTeX Info: Redefining \url on input line 5076.
\XeTeXLinkMargin=\dimen193
 (C:\Users\Derian\AppData\Roaming\MiKTeX\tex/generic/bitset\bitset.sty
Package: bitset 2019/12/09 v1.3 Handle bit-vector datatype (HO)
 (C:\Users\Derian\AppData\Roaming\MiKTeX\tex/generic/bigintcalc\bigintcalc.sty
Package: bigintcalc 2019/12/15 v1.5 Expandable calculations on big integers (HO)
))
\Fld@menulength=\count283
\Field@Width=\dimen194
\Fld@charsize=\dimen195
Package hyperref Info: Hyper figures OFF on input line 6347.
Package hyperref Info: Link nesting OFF on input line 6352.
Package hyperref Info: Hyper index ON on input line 6355.
Package hyperref Info: backreferencing OFF on input line 6362.
Package hyperref Info: Link coloring OFF on input line 6367.
Package hyperref Info: Link coloring with OCG OFF on input line 6372.
Package hyperref Info: PDF/A mode OFF on input line 6377.
LaTeX Info: Redefining \ref on input line 6417.
LaTeX Info: Redefining \pageref on input line 6421.
 (C:\Users\Derian\AppData\Roaming\MiKTeX\tex/generic/atbegshi\atbegshi.sty
Package: atbegshi 2019/12/05 v1.19 At begin shipout hook (HO)
)
\Hy@abspage=\count284
\c@Item=\count285
\c@Hfootnote=\count286
)
Package hyperref Info: Driver (autodetected): hpdftex.
 ("C:\Program Files\MiKTeX\tex/latex/hyperref\hpdftex.def"
File: hpdftex.def 2020-05-15 v7.00e Hyperref driver for pdfTeX
 (C:\Users\Derian\AppData\Roaming\MiKTeX\tex/latex/atveryend\atveryend.sty
Package: atveryend 2019-12-11 v1.11 Hooks at the very end of document (HO)
Package atveryend Info: \enddocument detected (standard20110627).
)
\Fld@listcount=\count287
\c@bookmark@seq@number=\count288
 (C:\Users\Derian\AppData\Roaming\MiKTeX\tex/latex/rerunfilecheck\rerunfilecheck.sty
Package: rerunfilecheck 2019/12/05 v1.9 Rerun checks for auxiliary files (HO)
 (C:\Users\Derian\AppData\Roaming\MiKTeX\tex/generic/uniquecounter\uniquecounter.sty
Package: uniquecounter 2019/12/15 v1.4 Provide unlimited unique counter (HO)
)
Package uniquecounter Info: New unique counter `rerunfilecheck' on input line 286.
)
\Hy@SectionHShift=\skip70
) ("C:\Program Files\MiKTeX\tex/latex/l3backend\l3backend-pdfmode.def"
File: l3backend-pdfmode.def 2020-06-29 L3 backend support: PDF mode
\l__kernel_color_stack_int=\count289
\l__pdf_internal_box=\box49
) ("c:/Users\Derian\Desktop\UPT 8 CICLO\INTELIGENCIA DE NEGOCIOS\Trabajo02\build\main.aux"

LaTeX Warning: Label `' multiply defined.


LaTeX Warning: Label `' multiply defined.


LaTeX Warning: Label `' multiply defined.


LaTeX Warning: Label `' multiply defined.


LaTeX Warning: Label `' multiply defined.


LaTeX Warning: Label `' multiply defined.

)
\openout1 = `main.aux'.

LaTeX Font Info:    Checking defaults for OML/cmm/m/it on input line 105.
LaTeX Font Info:    ... okay on input line 105.
LaTeX Font Info:    Checking defaults for OMS/cmsy/m/n on input line 105.
LaTeX Font Info:    ... okay on input line 105.
LaTeX Font Info:    Checking defaults for OT1/cmr/m/n on input line 105.
LaTeX Font Info:    ... okay on input line 105.
LaTeX Font Info:    Checking defaults for T1/cmr/m/n on input line 105.
LaTeX Font Info:    ... okay on input line 105.
LaTeX Font Info:    Checking defaults for TS1/cmr/m/n on input line 105.
LaTeX Font Info:    ... okay on input line 105.
LaTeX Font Info:    Checking defaults for OMX/cmex/m/n on input line 105.
LaTeX Font Info:    ... okay on input line 105.
LaTeX Font Info:    Checking defaults for U/cmr/m/n on input line 105.
LaTeX Font Info:    ... okay on input line 105.
LaTeX Font Info:    Checking defaults for PD1/pdf/m/n on input line 105.
LaTeX Font Info:    ... okay on input line 105.
 ("C:\Program Files\MiKTeX\tex/context/base/mkii\supp-pdf.mkii"
[Loading MPS to PDF converter (version 2006.09.02).]
\scratchcounter=\count290
\scratchdimen=\dimen196
\scratchbox=\box50
\nofMPsegments=\count291
\nofMParguments=\count292
\everyMPshowfont=\toks21
\MPscratchCnt=\count293
\MPscratchDim=\dimen197
\MPnumerator=\count294
\makeMPintoPDFobject=\count295
\everyMPtoPDFconversion=\toks22
) ("C:\Program Files\MiKTeX\tex/latex/epstopdf-pkg\epstopdf-base.sty"
Package: epstopdf-base 2020-01-24 v2.11 Base part for package epstopdf
Package epstopdf-base Info: Redefining graphics rule for `.eps' on input line 485.
)
\big@size=\dimen198
LaTeX Info: Redefining \microtypecontext on input line 105.
Package microtype Info: Generating PDF output.
Package microtype Info: Character protrusion enabled (level 2).
Package microtype Info: Using default protrusion set `alltext'.
Package microtype Info: Automatic font expansion enabled (level 2),
(microtype)             stretch: 20, shrink: 20, step: 1, non-selected.
Package microtype Info: Using default expansion set `basictext'.
LaTeX Info: Redefining \showhyphens on input line 105.
Package microtype Info: No adjustment of tracking.
Package microtype Info: No adjustment of interword spacing.
Package microtype Info: No adjustment of character kerning.
 (C:\Users\Derian\AppData\Roaming\MiKTeX\tex/latex/microtype\mt-ppl.cfg
File: mt-ppl.cfg 2005/11/16 v1.6 microtype config. file: Palatino (RS)
)
*geometry* driver: auto-detecting
*geometry* detected driver: pdftex
*geometry* verbose mode - [ preamble ] result:
* driver: pdftex
* paper: <default>
* layout: <same size as paper>
* layoutoffset:(h,v)=(0.0pt,0.0pt)
* hratio: 1:1
* modes: twoside 
* h-part:(L,W,R)=(92.14519pt, 430.00462pt, 92.14519pt)
* v-part:(T,H,B)=(91.04881pt, 608.5238pt, 95.39737pt)
* \paperwidth=614.295pt
* \paperheight=794.96999pt
* \textwidth=430.00462pt
* \textheight=608.5238pt
* \oddsidemargin=19.8752pt
* \evensidemargin=19.8752pt
* \topmargin=-18.22118pt
* \headheight=12.0pt
* \headsep=25.0pt
* \topskip=10.0pt
* \footskip=30.0pt
* \marginparwidth=48.0pt
* \marginparsep=10.0pt
* \columnsep=20.0pt
* \skip\footins=9.0pt plus 4.0pt minus 2.0pt
* \hoffset=0.0pt
* \voffset=0.0pt
* \mag=1000
* \@twocolumntrue
* \@twosidetrue
* \@mparswitchtrue
* \@reversemarginfalse
* (1in=72.27pt=25.4mm, 1cm=28.453pt)

Package caption Info: Begin \AtBeginDocument code.
Package caption Info: hyperref package is loaded.
Package caption Info: End \AtBeginDocument code.
\AtBeginShipoutBox=\box51
Package hyperref Info: Link coloring OFF on input line 105.
("C:\Program Files\MiKTeX\tex/latex/hyperref\nameref.sty"
Package: nameref 2019/09/16 v2.46 Cross-referencing by name of section
 (C:\Users\Derian\AppData\Roaming\MiKTeX\tex/latex/refcount\refcount.sty
Package: refcount 2019/12/15 v3.6 Data extraction from label references (HO)
) (C:\Users\Derian\AppData\Roaming\MiKTeX\tex/generic/gettitlestring\gettitlestring.sty
Package: gettitlestring 2019/12/15 v1.6 Cleanup title references (HO)
)
\c@section@level=\count296
)
LaTeX Info: Redefining \ref on input line 105.
LaTeX Info: Redefining \pageref on input line 105.
LaTeX Info: Redefining \nameref on input line 105.
 ("c:/Users\Derian\Desktop\UPT 8 CICLO\INTELIGENCIA DE NEGOCIOS\Trabajo02\build\main.out") ("c:/Users\Derian\Desktop\UPT 8 CICLO\INTELIGENCIA DE NEGOCIOS\Trabajo02\build\main.out")
\@outlinefile=\write3
\openout3 = `main.out'.

LaTeX Font Info:    Trying to load font information for OT1+pplx on input line 109.
 (C:\Users\Derian\AppData\Roaming\MiKTeX\tex/latex/psnfss\ot1pplx.fd
File: ot1pplx.fd 2004/09/06 font definitions for OT1/pplx.
)
LaTeX Font Info:    Trying to load font information for OML+zplm on input line 109.
 (C:\Users\Derian\AppData\Roaming\MiKTeX\tex/latex/psnfss\omlzplm.fd
File: omlzplm.fd 2002/09/08 Fontinst v1.914 font definitions for OML/zplm.
)
LaTeX Font Info:    Trying to load font information for OMS+zplm on input line 109.
 (C:\Users\Derian\AppData\Roaming\MiKTeX\tex/latex/psnfss\omszplm.fd
File: omszplm.fd 2002/09/08 Fontinst v1.914 font definitions for OMS/zplm.
)
LaTeX Font Info:    Trying to load font information for OMX+zplm on input line 109.
 (C:\Users\Derian\AppData\Roaming\MiKTeX\tex/latex/psnfss\omxzplm.fd
File: omxzplm.fd 2002/09/08 Fontinst v1.914 font definitions for OMX/zplm.
)
LaTeX Font Info:    Trying to load font information for OT1+zplm on input line 109.
 (C:\Users\Derian\AppData\Roaming\MiKTeX\tex/latex/psnfss\ot1zplm.fd
File: ot1zplm.fd 2002/09/08 Fontinst v1.914 font definitions for OT1/zplm.
)
Package microtype Info: Loading generic protrusion settings for font family
(microtype)             `zplm' (encoding: OT1).
(microtype)             For optimal results, create family-specific settings.
(microtype)             See the microtype manual for details.
Package microtype Info: Character `029' is missing
(microtype)             in font `T1/pplx/m/sc/12'.
(microtype)             Ignoring protrusion settings for this character.
Package microtype Info: Character `029' is missing
(microtype)             in font `T1/pplx/m/sc/10'.
(microtype)             Ignoring protrusion settings for this character.
Package lettrine.sty Info: Targeted height = 30.07506pt
(lettrine.sty)             (for loversize=0, accent excluded),
(lettrine.sty)             Lettrine height = 30.07518pt (A);
(lettrine.sty)             reported on input line 116.

Underfull \vbox (badness 10000) has occurred while \output is active []


Underfull \vbox (badness 10000) has occurred while \output is active []

 [1{C:/Users/Derian/AppData/Local/MiKTeX/pdftex/config/pdftex.map}


]
<./imagenes/i2.png, id=52, 515.67656pt x 146.79843pt>
File: ./imagenes/i2.png Graphic file (type png)
<use ./imagenes/i2.png>
Package pdftex.def Info: ./imagenes/i2.png  used on input line 184.
(pdftex.def)             Requested size: 199.16928pt x 56.69788pt.

Underfull \hbox (badness 1132) in paragraph at lines 187--194
\T1/pplx/m/n/10 (+20) el-e-men-tos sig-nif-i-can cosas difer-entes, con
 []


Underfull \hbox (badness 10000) in paragraph at lines 187--194

 []


Underfull \hbox (badness 10000) in paragraph at lines 187--194

 []


Underfull \hbox (badness 10000) in paragraph at lines 187--194

 []


Underfull \hbox (badness 10000) in paragraph at lines 187--194

 []


Underfull \hbox (badness 10000) in paragraph at lines 187--194

 []


Underfull \hbox (badness 10000) in paragraph at lines 203--229

 []


Underfull \hbox (badness 1264) in paragraph at lines 203--229
\T1/pplx/m/n/10 (+20) Es la vía más sen-cilla para hacer en-ten-
 []


Underfull \hbox (badness 10000) in paragraph at lines 203--229

 []


Underfull \hbox (badness 10000) in paragraph at lines 203--229

 []


Underfull \hbox (badness 1142) in paragraph at lines 203--229
\T1/pplx/m/n/10 (+20) in-for-ma-ción los frente a los ben-e-fi-cia-r-ios,
 []


Underfull \hbox (badness 10000) in paragraph at lines 203--229

 []


Underfull \hbox (badness 1688) in paragraph at lines 203--229
\T1/pplx/m/n/10 (+20) fá-cil-mente ac-tivi-dades analíti-cas en his-to-
 []


Underfull \hbox (badness 10000) in paragraph at lines 203--229

 []


Underfull \hbox (badness 10000) in paragraph at lines 203--229

 []

[2 <./imagenes/i2.png>]
LaTeX Font Info:    Trying to load font information for TS1+pplx on input line 239.
 (C:\Users\Derian\AppData\Roaming\MiKTeX\tex/latex/psnfss\ts1pplx.fd
File: ts1pplx.fd 2004/09/06 font definitions for TS1/pplx.
)
<./imagenes/bi.png, id=60, 284.56313pt x 89.58469pt>
File: ./imagenes/bi.png Graphic file (type png)
<use ./imagenes/bi.png>
Package pdftex.def Info: ./imagenes/bi.png  used on input line 250.
(pdftex.def)             Requested size: 199.16928pt x 62.70474pt.

Underfull \hbox (badness 10000) in paragraph at lines 252--257

 []

<./imagenes/i3.png, id=61, 634.62094pt x 97.86563pt>
File: ./imagenes/i3.png Graphic file (type png)
<use ./imagenes/i3.png>
Package pdftex.def Info: ./imagenes/i3.png  used on input line 263.
(pdftex.def)             Requested size: 199.16928pt x 30.71432pt.
[3 <./imagenes/bi.png>]
<./imagenes/i4.png, id=67, 634.62094pt x 121.20282pt>
File: ./imagenes/i4.png Graphic file (type png)
<use ./imagenes/i4.png>
Package pdftex.def Info: ./imagenes/i4.png  used on input line 268.
(pdftex.def)             Requested size: 199.16928pt x 38.03853pt.
<./imagenes/i5.png, id=68, 629.35126pt x 249.18094pt>
File: ./imagenes/i5.png Graphic file (type png)
<use ./imagenes/i5.png>
Package pdftex.def Info: ./imagenes/i5.png  used on input line 273.
(pdftex.def)             Requested size: 199.16928pt x 78.8574pt.
<./imagenes/i6.png, id=69, 607.51968pt x 366.61969pt>
File: ./imagenes/i6.png Graphic file (type png)
<use ./imagenes/i6.png>
Package pdftex.def Info: ./imagenes/i6.png  used on input line 278.
(pdftex.def)             Requested size: 199.16928pt x 120.19049pt.

Underfull \hbox (badness 10000) in paragraph at lines 281--286

 []


Underfull \hbox (badness 10000) in paragraph at lines 281--286

 []


Underfull \hbox (badness 10000) in paragraph at lines 287--291

 []


Underfull \hbox (badness 10000) in paragraph at lines 287--291

 []


Underfull \hbox (badness 10000) in paragraph at lines 292--296

 []


Underfull \hbox (badness 10000) in paragraph at lines 292--296

 []

<./imagenes/p1.png, id=70, 395.97937pt x 184.43906pt>
File: ./imagenes/p1.png Graphic file (type png)
<use ./imagenes/p1.png>
Package pdftex.def Info: ./imagenes/p1.png  used on input line 302.
(pdftex.def)             Requested size: 199.16928pt x 92.77089pt.
<./imagenes/p2.png, id=71, 843.90282pt x 322.95656pt>
File: ./imagenes/p2.png Graphic file (type png)
<use ./imagenes/p2.png>
Package pdftex.def Info: ./imagenes/p2.png  used on input line 308.
(pdftex.def)             Requested size: 199.16928pt x 76.22003pt.
<./imagenes/p3.png, id=72, 386.94562pt x 261.97874pt>
File: ./imagenes/p3.png Graphic file (type png)
<use ./imagenes/p3.png>
Package pdftex.def Info: ./imagenes/p3.png  used on input line 313.
(pdftex.def)             Requested size: 199.16928pt x 134.8466pt.
[4 <./imagenes/i3.png> <./imagenes/i4.png> <./imagenes/i5.png> <./imagenes/i6.png> <./imagenes/p1.png> <./imagenes/p2.png>]
<./imagenes/p4.png, id=83, 541.27219pt x 274.77657pt>
File: ./imagenes/p4.png Graphic file (type png)
<use ./imagenes/p4.png>
Package pdftex.def Info: ./imagenes/p4.png  used on input line 319.
(pdftex.def)             Requested size: 199.16928pt x 101.1081pt.
<./imagenes/p5.png, id=84, 505.13719pt x 278.54062pt>
File: ./imagenes/p5.png Graphic file (type png)
<use ./imagenes/p5.png>
Package pdftex.def Info: ./imagenes/p5.png  used on input line 325.
(pdftex.def)             Requested size: 199.16928pt x 109.82469pt.

Underfull \hbox (badness 10000) in paragraph at lines 343--349

 []


Underfull \hbox (badness 1661) in paragraph at lines 343--349
\T1/pplx/b/n/10 Es im-por-tante que la his-to-ria sea mem-
 []


Underfull \hbox (badness 1178) in paragraph at lines 343--349
\T1/pplx/b/n/10 o-rable, pero tam-bién que sirva para los
 []


Underfull \hbox (badness 10000) in paragraph at lines 350--364

 []


Underfull \hbox (badness 10000) in paragraph at lines 350--364

 []


Underfull \hbox (badness 10000) in paragraph at lines 350--364

 []


Underfull \hbox (badness 10000) in paragraph at lines 350--364

 []


Underfull \hbox (badness 1902) in paragraph at lines 350--364
\T1/pplx/m/n/10 (+20) El prin-ci-pio, de-sarollo y fi-nal fun-cio-nan
 []


Underfull \hbox (badness 10000) in paragraph at lines 350--364

 []


Underfull \hbox (badness 10000) in paragraph at lines 350--364

 []

[5 <./imagenes/p3.png> <./imagenes/p4.png> <./imagenes/p5.png>]
Underfull \hbox (badness 10000) in paragraph at lines 368--369
[]
 []


Underfull \hbox (badness 10000) in paragraph at lines 368--369
\T1/pplx/m/n/10 (+20) Re-cu-per-ado de
 []


Overfull \hbox (108.18169pt too wide) in paragraph at lines 368--369
\T1/pplx/m/n/10 (-20) :urlhttps://www.compartirpalabramaestra.org/actualidad/articulos-
 []


Underfull \hbox (badness 10000) in paragraph at lines 368--369
\T1/pplx/m/n/10 (+20) informativos/introduccion-al-storytelling
 []


Underfull \hbox (badness 6859) in paragraph at lines 371--372
\T1/pplx/m/n/10 (+20) Diccionario de Mar-ket-ing. 40de-Fiebre.
 []


Underfull \hbox (badness 10000) in paragraph at lines 371--372
\T1/pplx/m/n/10 (+20) urlhttps://www.40defiebre.com/que-
 []


Underfull \hbox (badness 10000) in paragraph at lines 374--375
\T1/pplx/m/n/10 (+6) urlhttps://www.iebschool.com/blog/data-
 []


Underfull \hbox (badness 1552) in paragraph at lines 380--381
[] \T1/pplx/m/n/10 (+20) Lo que
 []


Overfull \hbox (14.28757pt too wide) in paragraph at lines 383--384
[]
 []


Underfull \hbox (badness 10000) in paragraph at lines 383--384
\T1/pplx/m/n/10 (+20) Kaits Con-sult-ing.
 []


Overfull \hbox (25.98172pt too wide) in paragraph at lines 383--384
\T1/pplx/m/n/10 (-20) urlhttps://www.kaitsconsulting.com/storytelling-
 []


Underfull \hbox (badness 10000) in paragraph at lines 386--387
[] \T1/pplx/m/n/10 (+20) De-r-ilo, R.
 []


Underfull \hbox (badness 7740) in paragraph at lines 386--387
\T1/pplx/m/n/10 (+20) (2020, 23 oc-tubre). Ad-ven-tures with
 []


Underfull \hbox (badness 1629) in paragraph at lines 386--387
\T1/pplx/m/n/10 (+20) Python: Sto-ry-telling with pan-das and
 []


Underfull \hbox (badness 10000) in paragraph at lines 386--387
\T1/pplx/m/n/10 (+20) Mat-plotlib (ft. Seaborn). Medium.url
 []


Underfull \hbox (badness 10000) in paragraph at lines 386--387
\T1/pplx/m/n/10 (+20) https://medium.com/analytics-
 []


Underfull \hbox (badness 10000) in paragraph at lines 386--387
\T1/pplx/m/n/10 (+20) vidhya/adventures-with-python-
 []


Underfull \hbox (badness 10000) in paragraph at lines 386--387
\T1/pplx/m/n/10 (+11) storytelling-with-pandas-and-matplotlib-ft-
 []

Package atveryend Info: Empty hook `BeforeClearDocument' on input line 393.
[6pdfTeX warning (ext4): destination with the same identifier (name{cite.}) has been already used, duplicate ignored

\AtBegShi@Output ...ipout \box \AtBeginShipoutBox 
                                                  \fi \fi 
l.393 \end{document}
                    pdfTeX warning (ext4): destination with the same identifier (name{cite.}) has been already used, duplicate ignored

\AtBegShi@Output ...ipout \box \AtBeginShipoutBox 
                                                  \fi \fi 
l.393 \end{document}
                    pdfTeX warning (ext4): destination with the same identifier (name{cite.}) has been already used, duplicate ignored

\AtBegShi@Output ...ipout \box \AtBeginShipoutBox 
                                                  \fi \fi 
l.393 \end{document}
                    pdfTeX warning (ext4): destination with the same identifier (name{cite.}) has been already used, duplicate ignored

\AtBegShi@Output ...ipout \box \AtBeginShipoutBox 
                                                  \fi \fi 
l.393 \end{document}
                    pdfTeX warning (ext4): destination with the same identifier (name{cite.}) has been already used, duplicate ignored

\AtBegShi@Output ...ipout \box \AtBeginShipoutBox 
                                                  \fi \fi 
l.393 \end{document}
                    pdfTeX warning (ext4): destination with the same identifier (name{cite.}) has been already used, duplicate ignored

\AtBegShi@Output ...ipout \box \AtBeginShipoutBox 
                                                  \fi \fi 
l.393 \end{document}
                    ]
Package atveryend Info: Empty hook `AfterLastShipout' on input line 393.
 ("c:/Users\Derian\Desktop\UPT 8 CICLO\INTELIGENCIA DE NEGOCIOS\Trabajo02\build\main.aux")
Package atveryend Info: Executing hook `AtVeryEndDocument' on input line 393.
Package atveryend Info: Executing hook `AtEndAfterFileList' on input line 393.
Package rerunfilecheck Info: File `main.out' has not changed.
(rerunfilecheck)             Checksum: 01F3D8E052739B646F3CE460E9B6E8B3;708.


LaTeX Warning: There were multiply-defined labels.

Package atveryend Info: Empty hook `AtVeryVeryEnd' on input line 393.
 ) 
Here is how much of TeX's memory you used:
 11162 strings out of 480790
 177156 string characters out of 2907052
 495577 words of memory out of 3000000
 26721 multiletter control sequences out of 15000+200000
 584411 words of font info for 231 fonts, out of 3000000 for 9000
 1141 hyphenation exceptions out of 8191
 39i,13n,45p,701b,406s stack positions out of 5000i,500n,10000p,200000b,50000s
{C:/Program Files/MiKTeX/fonts/enc/dvips/base/8r.enc}<C:/Program Files/MiKTeX/fonts/type1/public/amsfonts/cm/cmsy10.pfb><C:/Users/Derian/AppData/Roaming/MiKTeX/fonts/type1/public/fpl/fplrc8a.pfb><C:/Program Files/MiKTeX/fonts/type1/urw/palatino/uplb8a.pfb><C:/Program Files/MiKTeX/fonts/type1/urw/palatino/uplr8a.pfb><C:/Program Files/MiKTeX/fonts/type1/urw/palatino/uplri8a.pfb>
Output written on "c:/Users\Derian\Desktop\UPT 8 CICLO\INTELIGENCIA DE NEGOCIOS\Trabajo02\build\main.pdf" (6 pages, 980085 bytes).
PDF statistics:
 120 PDF objects out of 1000 (max. 8388607)
 18 named destinations out of 1000 (max. 500000)
 46728 words of extra memory for PDF output out of 51595 (max. 10000000)

